<?xml version="1.0" encoding="UTF-8"?>
<testng-results ignored="0" total="1" passed="1" failed="0" skipped="0">
  <reporter-output>
  </reporter-output>
  <suite started-at="2022-01-29T15:13:21 IST" name="Suite" finished-at="2022-01-29T15:13:35 IST" duration-ms="14196">
    <groups>
    </groups>
    <test started-at="2022-01-29T15:13:21 IST" name="Test" finished-at="2022-01-29T15:13:35 IST" duration-ms="14196">
      <class name="com.tests.FirstProgram">
        <test-method signature="start()[pri:0, instance:com.tests.FirstProgram@47faa49c]" started-at="2022-01-29T15:13:21 IST" name="start" finished-at="2022-01-29T15:13:35 IST" duration-ms="14139" status="PASS">
          <reporter-output>
          </reporter-output>
        </test-method> <!-- start -->
      </class> <!-- com.tests.FirstProgram -->
    </test> <!-- Test -->
  </suite> <!-- Suite -->
</testng-results>
